<?xml version="1.0" encoding="UTF-8"?>
<coverage generated="1764061348923" clover="3.2.0">
  <project timestamp="1764061348924" name="All files">
    <metrics statements="123" coveredstatements="102" conditionals="61" coveredconditionals="48" methods="24" coveredmethods="21" elements="208" coveredelements="171" complexity="0" loc="123" ncloc="123" packages="5" files="10" classes="10"/>
    <package name="src">
      <metrics statements="2" coveredstatements="2" conditionals="0" coveredconditionals="0" methods="0" coveredmethods="0"/>
      <file name="constants.ts" path="/Users/apple/FenrirMeasures/hotpepper-groumet-search/frontend/src/constants.ts">
        <metrics statements="2" coveredstatements="2" conditionals="0" coveredconditionals="0" methods="0" coveredmethods="0"/>
        <line num="2" count="1" type="stmt"/>
        <line num="5" count="1" type="stmt"/>
      </file>
    </package>
    <package name="src.api">
      <metrics statements="33" coveredstatements="17" conditionals="22" coveredconditionals="16" methods="3" coveredmethods="1"/>
      <file name="client.ts" path="/Users/apple/FenrirMeasures/hotpepper-groumet-search/frontend/src/api/client.ts">
        <metrics statements="10" coveredstatements="1" conditionals="6" coveredconditionals="2" methods="1" coveredmethods="0"/>
        <line num="5" count="3" type="cond" truecount="2" falsecount="0"/>
        <line num="13" count="0" type="stmt"/>
        <line num="15" count="0" type="stmt"/>
        <line num="18" count="0" type="stmt"/>
        <line num="28" count="0" type="cond" truecount="0" falsecount="2"/>
        <line num="30" count="0" type="stmt"/>
        <line num="37" count="0" type="stmt"/>
        <line num="41" count="0" type="cond" truecount="0" falsecount="2"/>
        <line num="43" count="0" type="stmt"/>
        <line num="46" count="0" type="stmt"/>
      </file>
      <file name="genreApi.ts" path="/Users/apple/FenrirMeasures/hotpepper-groumet-search/frontend/src/api/genreApi.ts">
        <metrics statements="9" coveredstatements="2" conditionals="2" coveredconditionals="0" methods="1" coveredmethods="0"/>
        <line num="10" count="1" type="stmt"/>
        <line num="14" count="1" type="stmt"/>
        <line num="18" count="0" type="stmt"/>
        <line num="22" count="0" type="cond" truecount="0" falsecount="2"/>
        <line num="23" count="0" type="stmt"/>
        <line num="28" count="0" type="stmt"/>
        <line num="32" count="0" type="stmt"/>
        <line num="36" count="0" type="stmt"/>
        <line num="39" count="0" type="stmt"/>
      </file>
      <file name="restaurantApi.ts" path="/Users/apple/FenrirMeasures/hotpepper-groumet-search/frontend/src/api/restaurantApi.ts">
        <metrics statements="14" coveredstatements="14" conditionals="14" coveredconditionals="14" methods="1" coveredmethods="1"/>
        <line num="9" count="1" type="stmt"/>
        <line num="13" count="9" type="cond" truecount="4" falsecount="0"/>
        <line num="14" count="1" type="stmt"/>
        <line num="28" count="8" type="cond" truecount="2" falsecount="0"/>
        <line num="32" count="9" type="cond" truecount="2" falsecount="0"/>
        <line num="36" count="9" type="stmt"/>
        <line num="40" count="9" type="stmt"/>
        <line num="47" count="9" type="cond" truecount="2" falsecount="0"/>
        <line num="48" count="1" type="stmt"/>
        <line num="50" count="8" type="cond" truecount="2" falsecount="0"/>
        <line num="51" count="1" type="stmt"/>
        <line num="53" count="8" type="cond" truecount="2" falsecount="0"/>
        <line num="54" count="1" type="stmt"/>
        <line num="60" count="8" type="stmt"/>
      </file>
    </package>
    <package name="src.components">
      <metrics statements="35" coveredstatements="31" conditionals="29" coveredconditionals="22" methods="11" coveredmethods="10"/>
      <file name="Pagination.tsx" path="/Users/apple/FenrirMeasures/hotpepper-groumet-search/frontend/src/components/Pagination.tsx">
        <metrics statements="16" coveredstatements="14" conditionals="17" coveredconditionals="11" methods="3" coveredmethods="2"/>
        <line num="16" count="1" type="stmt"/>
        <line num="27" count="6" type="cond" truecount="2" falsecount="0"/>
        <line num="28" count="1" type="stmt"/>
        <line num="34" count="5" type="stmt"/>
        <line num="39" count="5" type="stmt"/>
        <line num="42" count="5" type="stmt"/>
        <line num="45" count="5" type="stmt"/>
        <line num="48" count="5" type="stmt"/>
        <line num="51" count="5" type="cond" truecount="1" falsecount="1"/>
        <line num="57" count="6" type="stmt"/>
        <line num="63" count="6" type="stmt"/>
        <line num="66" count="0" type="cond" truecount="0" falsecount="4"/>
        <line num="68" count="0" type="stmt"/>
        <line num="73" count="6" type="stmt"/>
        <line num="75" count="1" type="cond" truecount="3" falsecount="1"/>
        <line num="77" count="1" type="stmt"/>
      </file>
      <file name="RestaurantList.tsx" path="/Users/apple/FenrirMeasures/hotpepper-groumet-search/frontend/src/components/RestaurantList.tsx">
        <metrics statements="3" coveredstatements="3" conditionals="2" coveredconditionals="2" methods="2" coveredmethods="2"/>
        <line num="13" count="1" type="stmt"/>
        <line num="18" count="3" type="cond" truecount="2" falsecount="0"/>
        <line num="37" count="2" type="stmt"/>
      </file>
      <file name="SearchForm.tsx" path="/Users/apple/FenrirMeasures/hotpepper-groumet-search/frontend/src/components/SearchForm.tsx">
        <metrics statements="16" coveredstatements="14" conditionals="10" coveredconditionals="9" methods="6" coveredmethods="6"/>
        <line num="19" count="1" type="stmt"/>
        <line num="27" count="8" type="stmt"/>
        <line num="29" count="8" type="stmt"/>
        <line num="31" count="8" type="stmt"/>
        <line num="33" count="8" type="stmt"/>
        <line num="37" count="8" type="stmt"/>
        <line num="40" count="8" type="stmt"/>
        <line num="42" count="2" type="stmt"/>
        <line num="45" count="2" type="cond" truecount="1" falsecount="1"/>
        <line num="47" count="0" type="stmt"/>
        <line num="48" count="0" type="stmt"/>
        <line num="53" count="2" type="stmt"/>
        <line num="84" count="2" type="stmt"/>
        <line num="116" count="1" type="stmt"/>
        <line num="129" count="1" type="stmt"/>
        <line num="151" count="1" type="stmt"/>
      </file>
    </package>
    <package name="src.hooks">
      <metrics statements="44" coveredstatements="44" conditionals="8" coveredconditionals="8" methods="8" coveredmethods="8"/>
      <file name="useGenres.ts" path="/Users/apple/FenrirMeasures/hotpepper-groumet-search/frontend/src/hooks/useGenres.ts">
        <metrics statements="17" coveredstatements="17" conditionals="2" coveredconditionals="2" methods="3" coveredmethods="3"/>
        <line num="18" count="1" type="stmt"/>
        <line num="20" count="9" type="stmt"/>
        <line num="23" count="9" type="stmt"/>
        <line num="26" count="9" type="stmt"/>
        <line num="30" count="9" type="stmt"/>
        <line num="32" count="3" type="stmt"/>
        <line num="34" count="3" type="stmt"/>
        <line num="36" count="3" type="stmt"/>
        <line num="38" count="3" type="stmt"/>
        <line num="41" count="3" type="stmt"/>
        <line num="43" count="1" type="stmt"/>
        <line num="48" count="2" type="cond" truecount="2" falsecount="0"/>
        <line num="50" count="2" type="stmt"/>
        <line num="52" count="2" type="stmt"/>
        <line num="56" count="3" type="stmt"/>
        <line num="61" count="3" type="stmt"/>
        <line num="65" count="9" type="stmt"/>
      </file>
      <file name="useRestaurantSearch.ts" path="/Users/apple/FenrirMeasures/hotpepper-groumet-search/frontend/src/hooks/useRestaurantSearch.ts">
        <metrics statements="27" coveredstatements="27" conditionals="6" coveredconditionals="6" methods="5" coveredmethods="5"/>
        <line num="27" count="1" type="stmt"/>
        <line num="34" count="20" type="stmt"/>
        <line num="39" count="20" type="stmt"/>
        <line num="42" count="20" type="stmt"/>
        <line num="45" count="20" type="stmt"/>
        <line num="48" count="20" type="stmt"/>
        <line num="51" count="20" type="stmt"/>
        <line num="58" count="10" type="stmt"/>
        <line num="60" count="10" type="stmt"/>
        <line num="62" count="10" type="stmt"/>
        <line num="65" count="10" type="stmt"/>
        <line num="68" count="10" type="stmt"/>
        <line num="74" count="7" type="stmt"/>
        <line num="79" count="3" type="cond" truecount="2" falsecount="0"/>
        <line num="81" count="3" type="stmt"/>
        <line num="83" count="3" type="stmt"/>
        <line num="87" count="10" type="stmt"/>
        <line num="97" count="8" type="stmt"/>
        <line num="99" count="8" type="stmt"/>
        <line num="101" count="8" type="stmt"/>
        <line num="111" count="3" type="cond" truecount="4" falsecount="0"/>
        <line num="112" count="1" type="stmt"/>
        <line num="115" count="2" type="stmt"/>
        <line num="117" count="2" type="stmt"/>
        <line num="123" count="20" type="stmt"/>
        <line num="125" count="1" type="stmt"/>
        <line num="129" count="20" type="stmt"/>
      </file>
    </package>
    <package name="src.services">
      <metrics statements="9" coveredstatements="8" conditionals="2" coveredconditionals="2" methods="2" coveredmethods="2"/>
      <file name="storageService.ts" path="/Users/apple/FenrirMeasures/hotpepper-groumet-search/frontend/src/services/storageService.ts">
        <metrics statements="9" coveredstatements="8" conditionals="2" coveredconditionals="2" methods="2" coveredmethods="2"/>
        <line num="8" count="3" type="stmt"/>
        <line num="11" count="3" type="stmt"/>
        <line num="15" count="3" type="cond" truecount="2" falsecount="0"/>
        <line num="20" count="1" type="stmt"/>
        <line num="22" count="1" type="stmt"/>
        <line num="30" count="1" type="stmt"/>
        <line num="34" count="1" type="stmt"/>
        <line num="37" count="0" type="stmt"/>
        <line num="44" count="3" type="stmt"/>
      </file>
    </package>
  </project>
</coverage>
