{"/Users/apple/FenrirMeasures/hotpepper-groumet-search/frontend/src/constants.ts": {"path":"/Users/apple/FenrirMeasures/hotpepper-groumet-search/frontend/src/constants.ts","statementMap":{"0":{"start":{"line":2,"column":30},"end":{"line":2,"column":null}},"1":{"start":{"line":5,"column":69},"end":{"line":69,"column":null}}},"fnMap":{},"branchMap":{},"s":{"0":1,"1":1},"f":{},"b":{},"meta":{"lastBranch":0,"lastFunction":0,"lastStatement":2,"seen":{"s:2:30:2:Infinity":0,"s:5:69:69:Infinity":1}}}
,"/Users/apple/FenrirMeasures/hotpepper-groumet-search/frontend/src/api/client.ts": {"path":"/Users/apple/FenrirMeasures/hotpepper-groumet-search/frontend/src/api/client.ts","statementMap":{"0":{"start":{"line":5,"column":21},"end":{"line":5,"column":null}},"1":{"start":{"line":13,"column":14},"end":{"line":13,"column":42}},"2":{"start":{"line":15,"column":2},"end":{"line":47,"column":null}},"3":{"start":{"line":18,"column":21},"end":{"line":24,"column":null}},"4":{"start":{"line":28,"column":4},"end":{"line":33,"column":null}},"5":{"start":{"line":30,"column":6},"end":{"line":31,"column":null}},"6":{"start":{"line":37,"column":4},"end":{"line":37,"column":null}},"7":{"start":{"line":41,"column":4},"end":{"line":44,"column":null}},"8":{"start":{"line":43,"column":6},"end":{"line":43,"column":null}},"9":{"start":{"line":46,"column":4},"end":{"line":46,"column":null}}},"fnMap":{"0":{"name":"apiGet","decl":{"start":{"line":10,"column":22},"end":{"line":10,"column":32}},"loc":{"start":{"line":10,"column":48},"end":{"line":48,"column":null}},"line":10}},"branchMap":{"0":{"loc":{"start":{"line":5,"column":21},"end":{"line":5,"column":null}},"type":"binary-expr","locations":[{"start":{"line":5,"column":21},"end":{"line":5,"column":54}},{"start":{"line":5,"column":58},"end":{"line":5,"column":null}}],"line":5},"1":{"loc":{"start":{"line":28,"column":4},"end":{"line":33,"column":null}},"type":"if","locations":[{"start":{"line":28,"column":4},"end":{"line":33,"column":null}},{"start":{},"end":{}}],"line":28},"2":{"loc":{"start":{"line":41,"column":4},"end":{"line":44,"column":null}},"type":"if","locations":[{"start":{"line":41,"column":4},"end":{"line":44,"column":null}},{"start":{},"end":{}}],"line":41}},"s":{"0":3,"1":0,"2":0,"3":0,"4":0,"5":0,"6":0,"7":0,"8":0,"9":0},"f":{"0":0},"b":{"0":[3,3],"1":[0,0],"2":[0,0]},"meta":{"lastBranch":3,"lastFunction":1,"lastStatement":10,"seen":{"s:5:21:5:Infinity":0,"b:5:21:5:54:5:58:5:Infinity":0,"f:10:22:10:32":0,"s:13:14:13:42":1,"s:15:2:47:Infinity":2,"s:18:21:24:Infinity":3,"b:28:4:33:Infinity:undefined:undefined:undefined:undefined":1,"s:28:4:33:Infinity":4,"s:30:6:31:Infinity":5,"s:37:4:37:Infinity":6,"b:41:4:44:Infinity:undefined:undefined:undefined:undefined":2,"s:41:4:44:Infinity":7,"s:43:6:43:Infinity":8,"s:46:4:46:Infinity":9}}}
,"/Users/apple/FenrirMeasures/hotpepper-groumet-search/frontend/src/api/genreApi.ts": {"path":"/Users/apple/FenrirMeasures/hotpepper-groumet-search/frontend/src/api/genreApi.ts","statementMap":{"0":{"start":{"line":10,"column":25},"end":{"line":10,"column":null}},"1":{"start":{"line":14,"column":25},"end":{"line":40,"column":null}},"2":{"start":{"line":18,"column":17},"end":{"line":18,"column":null}},"3":{"start":{"line":22,"column":2},"end":{"line":24,"column":null}},"4":{"start":{"line":23,"column":4},"end":{"line":23,"column":null}},"5":{"start":{"line":28,"column":19},"end":{"line":28,"column":null}},"6":{"start":{"line":32,"column":17},"end":{"line":32,"column":39}},"7":{"start":{"line":36,"column":2},"end":{"line":36,"column":null}},"8":{"start":{"line":39,"column":2},"end":{"line":39,"column":null}}},"fnMap":{"0":{"name":"(anonymous_0)","decl":{"start":{"line":14,"column":25},"end":{"line":14,"column":null}},"loc":{"start":{"line":14,"column":25},"end":{"line":40,"column":null}},"line":14}},"branchMap":{"0":{"loc":{"start":{"line":22,"column":2},"end":{"line":24,"column":null}},"type":"if","locations":[{"start":{"line":22,"column":2},"end":{"line":24,"column":null}},{"start":{},"end":{}}],"line":22}},"s":{"0":1,"1":1,"2":0,"3":0,"4":0,"5":0,"6":0,"7":0,"8":0},"f":{"0":0},"b":{"0":[0,0]},"meta":{"lastBranch":1,"lastFunction":1,"lastStatement":9,"seen":{"s:10:25:10:Infinity":0,"s:14:25:40:Infinity":1,"f:14:25:14:Infinity":0,"s:18:17:18:Infinity":2,"b:22:2:24:Infinity:undefined:undefined:undefined:undefined":0,"s:22:2:24:Infinity":3,"s:23:4:23:Infinity":4,"s:28:19:28:Infinity":5,"s:32:17:32:39":6,"s:36:2:36:Infinity":7,"s:39:2:39:Infinity":8}}}
,"/Users/apple/FenrirMeasures/hotpepper-groumet-search/frontend/src/api/restaurantApi.ts": {"path":"/Users/apple/FenrirMeasures/hotpepper-groumet-search/frontend/src/api/restaurantApi.ts","statementMap":{"0":{"start":{"line":9,"column":33},"end":{"line":61,"column":null}},"1":{"start":{"line":13,"column":2},"end":{"line":23,"column":null}},"2":{"start":{"line":14,"column":4},"end":{"line":22,"column":null}},"3":{"start":{"line":28,"column":15},"end":{"line":28,"column":null}},"4":{"start":{"line":32,"column":16},"end":{"line":32,"column":null}},"5":{"start":{"line":36,"column":16},"end":{"line":36,"column":null}},"6":{"start":{"line":40,"column":22},"end":{"line":44,"column":null}},"7":{"start":{"line":47,"column":2},"end":{"line":49,"column":null}},"8":{"start":{"line":48,"column":4},"end":{"line":48,"column":48}},"9":{"start":{"line":50,"column":2},"end":{"line":52,"column":null}},"10":{"start":{"line":51,"column":4},"end":{"line":51,"column":44}},"11":{"start":{"line":53,"column":2},"end":{"line":55,"column":null}},"12":{"start":{"line":54,"column":4},"end":{"line":54,"column":48}},"13":{"start":{"line":60,"column":2},"end":{"line":60,"column":null}}},"fnMap":{"0":{"name":"(anonymous_0)","decl":{"start":{"line":9,"column":33},"end":{"line":9,"column":null}},"loc":{"start":{"line":10,"column":2},"end":{"line":61,"column":null}},"line":10}},"branchMap":{"0":{"loc":{"start":{"line":13,"column":2},"end":{"line":23,"column":null}},"type":"if","locations":[{"start":{"line":13,"column":2},"end":{"line":23,"column":null}},{"start":{},"end":{}}],"line":13},"1":{"loc":{"start":{"line":13,"column":6},"end":{"line":13,"column":63}},"type":"binary-expr","locations":[{"start":{"line":13,"column":6},"end":{"line":13,"column":25}},{"start":{"line":13,"column":29},"end":{"line":13,"column":63}}],"line":13},"2":{"loc":{"start":{"line":28,"column":27},"end":{"line":28,"column":null}},"type":"binary-expr","locations":[{"start":{"line":28,"column":27},"end":{"line":28,"column":38}},{"start":{"line":28,"column":42},"end":{"line":28,"column":null}}],"line":28},"3":{"loc":{"start":{"line":32,"column":34},"end":{"line":32,"column":54}},"type":"binary-expr","locations":[{"start":{"line":32,"column":34},"end":{"line":32,"column":46}},{"start":{"line":32,"column":50},"end":{"line":32,"column":54}}],"line":32},"4":{"loc":{"start":{"line":47,"column":2},"end":{"line":49,"column":null}},"type":"if","locations":[{"start":{"line":47,"column":2},"end":{"line":49,"column":null}},{"start":{},"end":{}}],"line":47},"5":{"loc":{"start":{"line":50,"column":2},"end":{"line":52,"column":null}},"type":"if","locations":[{"start":{"line":50,"column":2},"end":{"line":52,"column":null}},{"start":{},"end":{}}],"line":50},"6":{"loc":{"start":{"line":53,"column":2},"end":{"line":55,"column":null}},"type":"if","locations":[{"start":{"line":53,"column":2},"end":{"line":55,"column":null}},{"start":{},"end":{}}],"line":53}},"s":{"0":1,"1":9,"2":1,"3":8,"4":9,"5":9,"6":9,"7":9,"8":1,"9":8,"10":1,"11":8,"12":1,"13":8},"f":{"0":9},"b":{"0":[1,8],"1":[9,8],"2":[8,4],"3":[9,3],"4":[1,8],"5":[1,7],"6":[1,7]},"meta":{"lastBranch":7,"lastFunction":1,"lastStatement":14,"seen":{"s:9:33:61:Infinity":0,"f:9:33:9:Infinity":0,"b:13:2:23:Infinity:undefined:undefined:undefined:undefined":0,"s:13:2:23:Infinity":1,"b:13:6:13:25:13:29:13:63":1,"s:14:4:22:Infinity":2,"s:28:15:28:Infinity":3,"b:28:27:28:38:28:42:28:Infinity":2,"s:32:16:32:Infinity":4,"b:32:34:32:46:32:50:32:54":3,"s:36:16:36:Infinity":5,"s:40:22:44:Infinity":6,"b:47:2:49:Infinity:undefined:undefined:undefined:undefined":4,"s:47:2:49:Infinity":7,"s:48:4:48:48":8,"b:50:2:52:Infinity:undefined:undefined:undefined:undefined":5,"s:50:2:52:Infinity":9,"s:51:4:51:44":10,"b:53:2:55:Infinity:undefined:undefined:undefined:undefined":6,"s:53:2:55:Infinity":11,"s:54:4:54:48":12,"s:60:2:60:Infinity":13}}}
,"/Users/apple/FenrirMeasures/hotpepper-groumet-search/frontend/src/components/Pagination.tsx": {"path":"/Users/apple/FenrirMeasures/hotpepper-groumet-search/frontend/src/components/Pagination.tsx","statementMap":{"0":{"start":{"line":16,"column":53},"end":{"line":127,"column":null}},"1":{"start":{"line":27,"column":2},"end":{"line":29,"column":null}},"2":{"start":{"line":28,"column":4},"end":{"line":28,"column":null}},"3":{"start":{"line":34,"column":21},"end":{"line":34,"column":null}},"4":{"start":{"line":39,"column":29},"end":{"line":39,"column":null}},"5":{"start":{"line":42,"column":18},"end":{"line":42,"column":null}},"6":{"start":{"line":45,"column":18},"end":{"line":45,"column":null}},"7":{"start":{"line":48,"column":21},"end":{"line":48,"column":null}},"8":{"start":{"line":51,"column":24},"end":{"line":51,"column":null}},"9":{"start":{"line":57,"column":19},"end":{"line":59,"column":null}},"10":{"start":{"line":63,"column":21},"end":{"line":70,"column":null}},"11":{"start":{"line":66,"column":4},"end":{"line":69,"column":null}},"12":{"start":{"line":68,"column":6},"end":{"line":68,"column":null}},"13":{"start":{"line":73,"column":21},"end":{"line":79,"column":null}},"14":{"start":{"line":75,"column":4},"end":{"line":78,"column":null}},"15":{"start":{"line":77,"column":6},"end":{"line":77,"column":null}}},"fnMap":{"0":{"name":"(anonymous_0)","decl":{"start":{"line":16,"column":53},"end":{"line":16,"column":54}},"loc":{"start":{"line":24,"column":1},"end":{"line":127,"column":null}},"line":24},"1":{"name":"(anonymous_1)","decl":{"start":{"line":63,"column":21},"end":{"line":63,"column":null}},"loc":{"start":{"line":63,"column":21},"end":{"line":70,"column":null}},"line":63},"2":{"name":"(anonymous_2)","decl":{"start":{"line":73,"column":21},"end":{"line":73,"column":null}},"loc":{"start":{"line":73,"column":21},"end":{"line":79,"column":null}},"line":73}},"branchMap":{"0":{"loc":{"start":{"line":21,"column":2},"end":{"line":21,"column":18}},"type":"default-arg","locations":[{"start":{"line":21,"column":13},"end":{"line":21,"column":18}}],"line":21},"1":{"loc":{"start":{"line":27,"column":2},"end":{"line":29,"column":null}},"type":"if","locations":[{"start":{"line":27,"column":2},"end":{"line":29,"column":null}},{"start":{},"end":{}}],"line":27},"2":{"loc":{"start":{"line":51,"column":24},"end":{"line":51,"column":null}},"type":"cond-expr","locations":[{"start":{"line":51,"column":40},"end":{"line":51,"column":52}},{"start":{"line":51,"column":52},"end":{"line":51,"column":null}}],"line":51},"3":{"loc":{"start":{"line":66,"column":4},"end":{"line":69,"column":null}},"type":"if","locations":[{"start":{"line":66,"column":4},"end":{"line":69,"column":null}},{"start":{},"end":{}}],"line":66},"4":{"loc":{"start":{"line":66,"column":8},"end":{"line":66,"column":30}},"type":"binary-expr","locations":[{"start":{"line":66,"column":8},"end":{"line":66,"column":19}},{"start":{"line":66,"column":19},"end":{"line":66,"column":30}}],"line":66},"5":{"loc":{"start":{"line":75,"column":4},"end":{"line":78,"column":null}},"type":"if","locations":[{"start":{"line":75,"column":4},"end":{"line":78,"column":null}},{"start":{},"end":{}}],"line":75},"6":{"loc":{"start":{"line":75,"column":8},"end":{"line":75,"column":30}},"type":"binary-expr","locations":[{"start":{"line":75,"column":8},"end":{"line":75,"column":19}},{"start":{"line":75,"column":19},"end":{"line":75,"column":30}}],"line":75},"7":{"loc":{"start":{"line":102,"column":20},"end":{"line":102,"column":null}},"type":"binary-expr","locations":[{"start":{"line":102,"column":20},"end":{"line":102,"column":32}},{"start":{"line":102,"column":32},"end":{"line":102,"column":null}}],"line":102},"8":{"loc":{"start":{"line":119,"column":20},"end":{"line":119,"column":null}},"type":"binary-expr","locations":[{"start":{"line":119,"column":20},"end":{"line":119,"column":32}},{"start":{"line":119,"column":32},"end":{"line":119,"column":null}}],"line":119}},"s":{"0":1,"1":6,"2":1,"3":5,"4":5,"5":5,"6":5,"7":5,"8":5,"9":6,"10":6,"11":0,"12":0,"13":6,"14":1,"15":1},"f":{"0":6,"1":0,"2":1},"b":{"0":[6],"1":[1,5],"2":[5,0],"3":[0,0],"4":[0,0],"5":[1,0],"6":[1,1],"7":[6,3],"8":[6,4]},"meta":{"lastBranch":9,"lastFunction":3,"lastStatement":16,"seen":{"s:16:53:127:Infinity":0,"f:16:53:16:54":0,"b:21:13:21:18":0,"b:27:2:29:Infinity:undefined:undefined:undefined:undefined":1,"s:27:2:29:Infinity":1,"s:28:4:28:Infinity":2,"s:34:21:34:Infinity":3,"s:39:29:39:Infinity":4,"s:42:18:42:Infinity":5,"s:45:18:45:Infinity":6,"s:48:21:48:Infinity":7,"s:51:24:51:Infinity":8,"b:51:40:51:52:51:52:51:Infinity":2,"s:57:19:59:Infinity":9,"s:63:21:70:Infinity":10,"f:63:21:63:Infinity":1,"b:66:4:69:Infinity:undefined:undefined:undefined:undefined":3,"s:66:4:69:Infinity":11,"b:66:8:66:19:66:19:66:30":4,"s:68:6:68:Infinity":12,"s:73:21:79:Infinity":13,"f:73:21:73:Infinity":2,"b:75:4:78:Infinity:undefined:undefined:undefined:undefined":5,"s:75:4:78:Infinity":14,"b:75:8:75:19:75:19:75:30":6,"s:77:6:77:Infinity":15,"b:102:20:102:32:102:32:102:Infinity":7,"b:119:20:119:32:119:32:119:Infinity":8}}}
,"/Users/apple/FenrirMeasures/hotpepper-groumet-search/frontend/src/components/RestaurantList.tsx": {"path":"/Users/apple/FenrirMeasures/hotpepper-groumet-search/frontend/src/components/RestaurantList.tsx","statementMap":{"0":{"start":{"line":13,"column":61},"end":{"line":75,"column":null}},"1":{"start":{"line":18,"column":2},"end":{"line":24,"column":null}},"2":{"start":{"line":37,"column":25},"end":{"line":37,"column":null}}},"fnMap":{"0":{"name":"(anonymous_0)","decl":{"start":{"line":13,"column":61},"end":{"line":13,"column":62}},"loc":{"start":{"line":16,"column":1},"end":{"line":75,"column":null}},"line":16},"1":{"name":"(anonymous_1)","decl":{"start":{"line":37,"column":19},"end":{"line":37,"column":25}},"loc":{"start":{"line":37,"column":25},"end":{"line":37,"column":null}},"line":37}},"branchMap":{"0":{"loc":{"start":{"line":18,"column":2},"end":{"line":24,"column":null}},"type":"if","locations":[{"start":{"line":18,"column":2},"end":{"line":24,"column":null}},{"start":{},"end":{}}],"line":18}},"s":{"0":1,"1":3,"2":2},"f":{"0":3,"1":2},"b":{"0":[1,2]},"meta":{"lastBranch":1,"lastFunction":2,"lastStatement":3,"seen":{"s:13:61:75:Infinity":0,"f:13:61:13:62":0,"b:18:2:24:Infinity:undefined:undefined:undefined:undefined":0,"s:18:2:24:Infinity":1,"f:37:19:37:25":1,"s:37:25:37:Infinity":2}}}
,"/Users/apple/FenrirMeasures/hotpepper-groumet-search/frontend/src/components/SearchForm.tsx": {"path":"/Users/apple/FenrirMeasures/hotpepper-groumet-search/frontend/src/components/SearchForm.tsx","statementMap":{"0":{"start":{"line":19,"column":53},"end":{"line":169,"column":null}},"1":{"start":{"line":27,"column":37},"end":{"line":27,"column":null}},"2":{"start":{"line":29,"column":29},"end":{"line":29,"column":null}},"3":{"start":{"line":31,"column":41},"end":{"line":31,"column":null}},"4":{"start":{"line":33,"column":29},"end":{"line":33,"column":null}},"5":{"start":{"line":37,"column":44},"end":{"line":37,"column":null}},"6":{"start":{"line":40,"column":23},"end":{"line":59,"column":null}},"7":{"start":{"line":42,"column":4},"end":{"line":42,"column":null}},"8":{"start":{"line":45,"column":4},"end":{"line":49,"column":null}},"9":{"start":{"line":47,"column":6},"end":{"line":47,"column":null}},"10":{"start":{"line":48,"column":6},"end":{"line":48,"column":14}},"11":{"start":{"line":53,"column":4},"end":{"line":58,"column":null}},"12":{"start":{"line":84,"column":29},"end":{"line":84,"column":null}},"13":{"start":{"line":116,"column":29},"end":{"line":116,"column":null}},"14":{"start":{"line":129,"column":29},"end":{"line":129,"column":null}},"15":{"start":{"line":151,"column":29},"end":{"line":151,"column":null}}},"fnMap":{"0":{"name":"(anonymous_0)","decl":{"start":{"line":19,"column":53},"end":{"line":19,"column":54}},"loc":{"start":{"line":22,"column":1},"end":{"line":169,"column":null}},"line":22},"1":{"name":"(anonymous_1)","decl":{"start":{"line":40,"column":23},"end":{"line":40,"column":24}},"loc":{"start":{"line":40,"column":24},"end":{"line":59,"column":null}},"line":40},"2":{"name":"(anonymous_2)","decl":{"start":{"line":84,"column":22},"end":{"line":84,"column":23}},"loc":{"start":{"line":84,"column":29},"end":{"line":84,"column":null}},"line":84},"3":{"name":"(anonymous_3)","decl":{"start":{"line":116,"column":22},"end":{"line":116,"column":23}},"loc":{"start":{"line":116,"column":29},"end":{"line":116,"column":null}},"line":116},"4":{"name":"(anonymous_4)","decl":{"start":{"line":129,"column":22},"end":{"line":129,"column":23}},"loc":{"start":{"line":129,"column":29},"end":{"line":129,"column":null}},"line":129},"5":{"name":"(anonymous_5)","decl":{"start":{"line":151,"column":22},"end":{"line":151,"column":23}},"loc":{"start":{"line":151,"column":29},"end":{"line":151,"column":null}},"line":151}},"branchMap":{"0":{"loc":{"start":{"line":45,"column":4},"end":{"line":49,"column":null}},"type":"if","locations":[{"start":{"line":45,"column":4},"end":{"line":49,"column":null}},{"start":{},"end":{}}],"line":45},"1":{"loc":{"start":{"line":55,"column":15},"end":{"line":55,"column":null}},"type":"binary-expr","locations":[{"start":{"line":55,"column":15},"end":{"line":55,"column":26}},{"start":{"line":55,"column":26},"end":{"line":55,"column":null}}],"line":55},"2":{"loc":{"start":{"line":56,"column":13},"end":{"line":56,"column":null}},"type":"binary-expr","locations":[{"start":{"line":56,"column":13},"end":{"line":56,"column":30}},{"start":{"line":56,"column":30},"end":{"line":56,"column":null}}],"line":56},"3":{"loc":{"start":{"line":57,"column":15},"end":{"line":57,"column":null}},"type":"binary-expr","locations":[{"start":{"line":57,"column":15},"end":{"line":57,"column":26}},{"start":{"line":57,"column":26},"end":{"line":57,"column":null}}],"line":57},"4":{"loc":{"start":{"line":165,"column":9},"end":{"line":165,"column":null}},"type":"cond-expr","locations":[{"start":{"line":165,"column":21},"end":{"line":165,"column":32}},{"start":{"line":165,"column":32},"end":{"line":165,"column":null}}],"line":165}},"s":{"0":1,"1":8,"2":8,"3":8,"4":8,"5":8,"6":8,"7":2,"8":2,"9":0,"10":0,"11":2,"12":2,"13":1,"14":1,"15":1},"f":{"0":8,"1":2,"2":2,"3":1,"4":1,"5":1},"b":{"0":[0,2],"1":[2,1],"2":[2,1],"3":[2,1],"4":[1,7]},"meta":{"lastBranch":5,"lastFunction":6,"lastStatement":16,"seen":{"s:19:53:169:Infinity":0,"f:19:53:19:54":0,"s:27:37:27:Infinity":1,"s:29:29:29:Infinity":2,"s:31:41:31:Infinity":3,"s:33:29:33:Infinity":4,"s:37:44:37:Infinity":5,"s:40:23:59:Infinity":6,"f:40:23:40:24":1,"s:42:4:42:Infinity":7,"b:45:4:49:Infinity:undefined:undefined:undefined:undefined":0,"s:45:4:49:Infinity":8,"s:47:6:47:Infinity":9,"s:48:6:48:14":10,"s:53:4:58:Infinity":11,"b:55:15:55:26:55:26:55:Infinity":1,"b:56:13:56:30:56:30:56:Infinity":2,"b:57:15:57:26:57:26:57:Infinity":3,"f:84:22:84:23":2,"s:84:29:84:Infinity":12,"f:116:22:116:23":3,"s:116:29:116:Infinity":13,"f:129:22:129:23":4,"s:129:29:129:Infinity":14,"f:151:22:151:23":5,"s:151:29:151:Infinity":15,"b:165:21:165:32:165:32:165:Infinity":4}}}
,"/Users/apple/FenrirMeasures/hotpepper-groumet-search/frontend/src/hooks/useGenres.ts": {"path":"/Users/apple/FenrirMeasures/hotpepper-groumet-search/frontend/src/hooks/useGenres.ts","statementMap":{"0":{"start":{"line":18,"column":25},"end":{"line":66,"column":null}},"1":{"start":{"line":20,"column":27},"end":{"line":20,"column":null}},"2":{"start":{"line":23,"column":33},"end":{"line":23,"column":null}},"3":{"start":{"line":26,"column":25},"end":{"line":26,"column":null}},"4":{"start":{"line":30,"column":2},"end":{"line":62,"column":10}},"5":{"start":{"line":32,"column":24},"end":{"line":58,"column":null}},"6":{"start":{"line":34,"column":6},"end":{"line":34,"column":null}},"7":{"start":{"line":36,"column":6},"end":{"line":36,"column":null}},"8":{"start":{"line":38,"column":6},"end":{"line":57,"column":null}},"9":{"start":{"line":41,"column":30},"end":{"line":41,"column":null}},"10":{"start":{"line":43,"column":8},"end":{"line":43,"column":null}},"11":{"start":{"line":48,"column":10},"end":{"line":48,"column":null}},"12":{"start":{"line":50,"column":8},"end":{"line":50,"column":null}},"13":{"start":{"line":52,"column":8},"end":{"line":52,"column":null}},"14":{"start":{"line":56,"column":8},"end":{"line":56,"column":null}},"15":{"start":{"line":61,"column":4},"end":{"line":61,"column":null}},"16":{"start":{"line":65,"column":2},"end":{"line":65,"column":null}}},"fnMap":{"0":{"name":"(anonymous_0)","decl":{"start":{"line":18,"column":25},"end":{"line":18,"column":null}},"loc":{"start":{"line":18,"column":25},"end":{"line":66,"column":null}},"line":18},"1":{"name":"(anonymous_1)","decl":{"start":{"line":30,"column":12},"end":{"line":30,"column":null}},"loc":{"start":{"line":30,"column":12},"end":{"line":62,"column":5}},"line":30},"2":{"name":"(anonymous_2)","decl":{"start":{"line":32,"column":24},"end":{"line":32,"column":null}},"loc":{"start":{"line":32,"column":24},"end":{"line":58,"column":null}},"line":32}},"branchMap":{"0":{"loc":{"start":{"line":48,"column":10},"end":{"line":48,"column":null}},"type":"cond-expr","locations":[{"start":{"line":48,"column":33},"end":{"line":48,"column":44}},{"start":{"line":48,"column":47},"end":{"line":48,"column":null}}],"line":48}},"s":{"0":1,"1":9,"2":9,"3":9,"4":9,"5":3,"6":3,"7":3,"8":3,"9":3,"10":1,"11":2,"12":2,"13":2,"14":3,"15":3,"16":9},"f":{"0":9,"1":3,"2":3},"b":{"0":[1,1]},"meta":{"lastBranch":1,"lastFunction":3,"lastStatement":17,"seen":{"s:18:25:66:Infinity":0,"f:18:25:18:Infinity":0,"s:20:27:20:Infinity":1,"s:23:33:23:Infinity":2,"s:26:25:26:Infinity":3,"s:30:2:62:10":4,"f:30:12:30:Infinity":1,"s:32:24:58:Infinity":5,"f:32:24:32:Infinity":2,"s:34:6:34:Infinity":6,"s:36:6:36:Infinity":7,"s:38:6:57:Infinity":8,"s:41:30:41:Infinity":9,"s:43:8:43:Infinity":10,"s:48:10:48:Infinity":11,"b:48:33:48:44:48:47:48:Infinity":0,"s:50:8:50:Infinity":12,"s:52:8:52:Infinity":13,"s:56:8:56:Infinity":14,"s:61:4:61:Infinity":15,"s:65:2:65:Infinity":16}}}
,"/Users/apple/FenrirMeasures/hotpepper-groumet-search/frontend/src/hooks/useRestaurantSearch.ts": {"path":"/Users/apple/FenrirMeasures/hotpepper-groumet-search/frontend/src/hooks/useRestaurantSearch.ts","statementMap":{"0":{"start":{"line":27,"column":35},"end":{"line":140,"column":null}},"1":{"start":{"line":34,"column":39},"end":{"line":36,"column":null}},"2":{"start":{"line":39,"column":33},"end":{"line":39,"column":null}},"3":{"start":{"line":42,"column":37},"end":{"line":42,"column":null}},"4":{"start":{"line":45,"column":25},"end":{"line":45,"column":null}},"5":{"start":{"line":48,"column":41},"end":{"line":48,"column":null}},"6":{"start":{"line":51,"column":37},"end":{"line":51,"column":null}},"7":{"start":{"line":58,"column":6},"end":{"line":58,"column":null}},"8":{"start":{"line":60,"column":6},"end":{"line":60,"column":null}},"9":{"start":{"line":62,"column":6},"end":{"line":62,"column":null}},"10":{"start":{"line":65,"column":6},"end":{"line":88,"column":null}},"11":{"start":{"line":68,"column":25},"end":{"line":72,"column":null}},"12":{"start":{"line":74,"column":8},"end":{"line":74,"column":null}},"13":{"start":{"line":79,"column":10},"end":{"line":79,"column":null}},"14":{"start":{"line":81,"column":8},"end":{"line":81,"column":null}},"15":{"start":{"line":83,"column":8},"end":{"line":83,"column":null}},"16":{"start":{"line":87,"column":8},"end":{"line":87,"column":null}},"17":{"start":{"line":97,"column":6},"end":{"line":97,"column":null}},"18":{"start":{"line":99,"column":6},"end":{"line":99,"column":null}},"19":{"start":{"line":101,"column":6},"end":{"line":101,"column":null}},"20":{"start":{"line":111,"column":6},"end":{"line":113,"column":null}},"21":{"start":{"line":112,"column":8},"end":{"line":112,"column":null}},"22":{"start":{"line":115,"column":6},"end":{"line":115,"column":null}},"23":{"start":{"line":117,"column":6},"end":{"line":117,"column":null}},"24":{"start":{"line":123,"column":8},"end":{"line":126,"column":10}},"25":{"start":{"line":125,"column":4},"end":{"line":125,"column":null}},"26":{"start":{"line":129,"column":2},"end":{"line":139,"column":null}}},"fnMap":{"0":{"name":"(anonymous_0)","decl":{"start":{"line":27,"column":35},"end":{"line":27,"column":null}},"loc":{"start":{"line":28,"column":2},"end":{"line":140,"column":null}},"line":28},"1":{"name":"(anonymous_1)","decl":{"start":{"line":56,"column":4},"end":{"line":56,"column":11}},"loc":{"start":{"line":56,"column":33},"end":{"line":89,"column":null}},"line":56},"2":{"name":"(anonymous_2)","decl":{"start":{"line":95,"column":4},"end":{"line":95,"column":11}},"loc":{"start":{"line":95,"column":11},"end":{"line":102,"column":null}},"line":95},"3":{"name":"(anonymous_3)","decl":{"start":{"line":108,"column":4},"end":{"line":108,"column":11}},"loc":{"start":{"line":108,"column":11},"end":{"line":118,"column":null}},"line":108},"4":{"name":"(anonymous_4)","decl":{"start":{"line":123,"column":33},"end":{"line":123,"column":null}},"loc":{"start":{"line":123,"column":33},"end":{"line":126,"column":5}},"line":123}},"branchMap":{"0":{"loc":{"start":{"line":79,"column":10},"end":{"line":79,"column":null}},"type":"cond-expr","locations":[{"start":{"line":79,"column":33},"end":{"line":79,"column":44}},{"start":{"line":79,"column":47},"end":{"line":79,"column":null}}],"line":79},"1":{"loc":{"start":{"line":111,"column":6},"end":{"line":113,"column":null}},"type":"if","locations":[{"start":{"line":111,"column":6},"end":{"line":113,"column":null}},{"start":{},"end":{}}],"line":111},"2":{"loc":{"start":{"line":111,"column":10},"end":{"line":111,"column":50}},"type":"binary-expr","locations":[{"start":{"line":111,"column":10},"end":{"line":111,"column":28}},{"start":{"line":111,"column":28},"end":{"line":111,"column":50}}],"line":111}},"s":{"0":1,"1":20,"2":20,"3":20,"4":20,"5":20,"6":20,"7":10,"8":10,"9":10,"10":10,"11":10,"12":7,"13":3,"14":3,"15":3,"16":10,"17":8,"18":8,"19":8,"20":3,"21":1,"22":2,"23":2,"24":20,"25":1,"26":20},"f":{"0":20,"1":10,"2":8,"3":3,"4":1},"b":{"0":[2,1],"1":[1,2],"2":[3,3]},"meta":{"lastBranch":3,"lastFunction":5,"lastStatement":27,"seen":{"s:27:35:140:Infinity":0,"f:27:35:27:Infinity":0,"s:34:39:36:Infinity":1,"s:39:33:39:Infinity":2,"s:42:37:42:Infinity":3,"s:45:25:45:Infinity":4,"s:48:41:48:Infinity":5,"s:51:37:51:Infinity":6,"f:56:4:56:11":1,"s:58:6:58:Infinity":7,"s:60:6:60:Infinity":8,"s:62:6:62:Infinity":9,"s:65:6:88:Infinity":10,"s:68:25:72:Infinity":11,"s:74:8:74:Infinity":12,"s:79:10:79:Infinity":13,"b:79:33:79:44:79:47:79:Infinity":0,"s:81:8:81:Infinity":14,"s:83:8:83:Infinity":15,"s:87:8:87:Infinity":16,"f:95:4:95:11":2,"s:97:6:97:Infinity":17,"s:99:6:99:Infinity":18,"s:101:6:101:Infinity":19,"f:108:4:108:11":3,"b:111:6:113:Infinity:undefined:undefined:undefined:undefined":1,"s:111:6:113:Infinity":20,"b:111:10:111:28:111:28:111:50":2,"s:112:8:112:Infinity":21,"s:115:6:115:Infinity":22,"s:117:6:117:Infinity":23,"s:123:8:126:10":24,"f:123:33:123:Infinity":4,"s:125:4:125:Infinity":25,"s:129:2:139:Infinity":26}}}
,"/Users/apple/FenrirMeasures/hotpepper-groumet-search/frontend/src/services/storageService.ts": {"path":"/Users/apple/FenrirMeasures/hotpepper-groumet-search/frontend/src/services/storageService.ts","statementMap":{"0":{"start":{"line":8,"column":4},"end":{"line":23,"column":null}},"1":{"start":{"line":11,"column":19},"end":{"line":11,"column":null}},"2":{"start":{"line":15,"column":6},"end":{"line":15,"column":null}},"3":{"start":{"line":20,"column":6},"end":{"line":20,"column":null}},"4":{"start":{"line":22,"column":6},"end":{"line":22,"column":null}},"5":{"start":{"line":30,"column":4},"end":{"line":38,"column":null}},"6":{"start":{"line":34,"column":6},"end":{"line":34,"column":null}},"7":{"start":{"line":37,"column":6},"end":{"line":37,"column":null}},"8":{"start":{"line":44,"column":30},"end":{"line":44,"column":null}}},"fnMap":{"0":{"name":"(anonymous_0)","decl":{"start":{"line":7,"column":2},"end":{"line":7,"column":9}},"loc":{"start":{"line":7,"column":32},"end":{"line":24,"column":null}},"line":7},"1":{"name":"(anonymous_1)","decl":{"start":{"line":29,"column":2},"end":{"line":29,"column":9}},"loc":{"start":{"line":29,"column":38},"end":{"line":39,"column":null}},"line":29}},"branchMap":{"0":{"loc":{"start":{"line":15,"column":13},"end":{"line":15,"column":null}},"type":"cond-expr","locations":[{"start":{"line":15,"column":20},"end":{"line":15,"column":39}},{"start":{"line":15,"column":39},"end":{"line":15,"column":null}}],"line":15}},"s":{"0":3,"1":3,"2":3,"3":1,"4":1,"5":1,"6":1,"7":0,"8":3},"f":{"0":3,"1":1},"b":{"0":[2,1]},"meta":{"lastBranch":1,"lastFunction":2,"lastStatement":9,"seen":{"f:7:2:7:9":0,"s:8:4:23:Infinity":0,"s:11:19:11:Infinity":1,"s:15:6:15:Infinity":2,"b:15:20:15:39:15:39:15:Infinity":0,"s:20:6:20:Infinity":3,"s:22:6:22:Infinity":4,"f:29:2:29:9":1,"s:30:4:38:Infinity":5,"s:34:6:34:Infinity":6,"s:37:6:37:Infinity":7,"s:44:30:44:Infinity":8}}}
}
